This is pdfTeX, Version 3.14159265-2.6-1.40.16 (TeX Live 2015) (preloaded format=pdflatex 2015.5.24)  18 JUL 2017 12:15
entering extended mode
 restricted \write18 enabled.
 %&-line parsing enabled.
**interim_report_1.tex
(./interim_report_1.tex
LaTeX2e <2015/01/01>
Babel <3.9l> and hyphenation patterns for 79 languages loaded.
(./siamart1116.cls
Document Class: siamart1116 2016/11/15 v1.4.1 LaTeX document e-class
(/usr/local/texlive/2015/texmf-dist/tex/latex/amsmath/amsmath.sty
Package: amsmath 2013/01/14 v2.14 AMS math features
\@mathmargin=\skip41

For additional information on amsmath, use the `?' option.
(/usr/local/texlive/2015/texmf-dist/tex/latex/amsmath/amstext.sty
Package: amstext 2000/06/29 v2.01

(/usr/local/texlive/2015/texmf-dist/tex/latex/amsmath/amsgen.sty
File: amsgen.sty 1999/11/30 v2.0
\@emptytoks=\toks14
\ex@=\dimen102
))
(/usr/local/texlive/2015/texmf-dist/tex/latex/amsmath/amsbsy.sty
Package: amsbsy 1999/11/29 v1.2d
\pmbraise@=\dimen103
)
(/usr/local/texlive/2015/texmf-dist/tex/latex/amsmath/amsopn.sty
Package: amsopn 1999/12/14 v2.01 operator names
)
\inf@bad=\count79
LaTeX Info: Redefining \frac on input line 210.
\uproot@=\count80
\leftroot@=\count81
LaTeX Info: Redefining \overline on input line 306.
\classnum@=\count82
\DOTSCASE@=\count83
LaTeX Info: Redefining \ldots on input line 378.
LaTeX Info: Redefining \dots on input line 381.
LaTeX Info: Redefining \cdots on input line 466.
\Mathstrutbox@=\box26
\strutbox@=\box27
\big@size=\dimen104
LaTeX Font Info:    Redeclaring font encoding OML on input line 566.
LaTeX Font Info:    Redeclaring font encoding OMS on input line 567.
\macc@depth=\count84
\c@MaxMatrixCols=\count85
\dotsspace@=\muskip10
\c@parentequation=\count86
\dspbrk@lvl=\count87
\tag@help=\toks15
\row@=\count88
\column@=\count89
\maxfields@=\count90
\andhelp@=\toks16
\eqnshift@=\dimen105
\alignsep@=\dimen106
\tagshift@=\dimen107
\tagwidth@=\dimen108
\totwidth@=\dimen109
\lineht@=\dimen110
\@envbody=\toks17
\multlinegap=\skip42
\multlinetaggap=\skip43
\mathdisplay@stack=\toks18
LaTeX Info: Redefining \[ on input line 2665.
LaTeX Info: Redefining \] on input line 2666.
)
(/usr/local/texlive/2015/texmf-dist/tex/latex/ntheorem/ntheorem.sty
Style `ntheorem', Version 1.33 <2011/08/15>
Package: ntheorem 2011/08/15 1.33
(/usr/local/texlive/2015/texmf-dist/tex/latex/base/ifthen.sty
Package: ifthen 2014/09/29 v1.1c Standard LaTeX ifthen package (DPC)
)
\theorem@style=\toks19
\theorem@@style=\toks20
\theorembodyfont=\toks21
\theoremnumbering=\toks22
\theorempreskipamount=\skip44
\theorempostskipamount=\skip45
\theoremframepreskipamount=\skip46
\theoremframepostskipamount=\skip47
\theoreminframepreskipamount=\skip48
\theoreminframepostskipamount=\skip49
\theorem@preskip=\toks23
\theorem@postskip=\toks24
\theorem@framepreskip=\toks25
\theorem@framepostskip=\toks26
\theorem@inframepreskip=\toks27
\theorem@inframepostskip=\toks28
\theoremindent=\dimen111
\theorem@indent=\dimen112
\theoremrightindent=\dimen113
\theorem@rightindent=\dimen114
\theoremheaderfont=\toks29
\theoremseparator=\toks30
\theoremprework=\toks31
\theorempostwork=\toks32
\theoremsymbol=\toks33
\qedsymbol=\toks34
\theoremkeyword=\toks35
\qedsymbol=\toks36
\thm@topsep=\skip50
\thm@topsepadd=\skip51
Package ntheorem Info: Option `thmmarks' loaded on input line 1175.
\c@endNonectr=\count91
\c@currNonectr=\count92
\mysavskip=\skip52
Package ntheorem Info: option `amsmath' handling for `thmmarks' loaded on input
 line 1175.
\thm@amstmpdepth=\dimen115
\tagwidth=\dimen116
)
\fromfoliotocopyright=\skip53
\c@section=\count93
\c@subsection=\count94
\c@subsubsection=\count95
\c@paragraph=\count96
\c@subparagraph=\count97
\c@rmnum=\count98
\c@muni=\count99
\@sectionspace=\skip54
\@negsectionspace=\skip55
\c@figure=\count100
\c@table=\count101
\abovecaptionskip=\skip56
\belowcaptionskip=\skip57
\bibindent=\dimen117

(/usr/local/texlive/2015/texmf-dist/tex/latex/hyperref/xr-hyper.sty
Package: xr-hyper 2000/03/22 v6.00beta4 eXternal References (DPC)
)
(/usr/local/texlive/2015/texmf-dist/tex/generic/oberdiek/ifpdf.sty
Package: ifpdf 2011/01/30 v2.3 Provides the ifpdf switch (HO)
Package ifpdf Info: pdfTeX in PDF mode is detected.
)
(/usr/local/texlive/2015/texmf-dist/tex/latex/hyperref/hyperref.sty
Package: hyperref 2012/11/06 v6.83m Hypertext links for LaTeX

(/usr/local/texlive/2015/texmf-dist/tex/generic/oberdiek/hobsub-hyperref.sty
Package: hobsub-hyperref 2012/05/28 v1.13 Bundle oberdiek, subset hyperref (HO)


(/usr/local/texlive/2015/texmf-dist/tex/generic/oberdiek/hobsub-generic.sty
Package: hobsub-generic 2012/05/28 v1.13 Bundle oberdiek, subset generic (HO)
Package: hobsub 2012/05/28 v1.13 Construct package bundles (HO)
Package: infwarerr 2010/04/08 v1.3 Providing info/warning/error messages (HO)
Package: ltxcmds 2011/11/09 v1.22 LaTeX kernel commands for general use (HO)
Package: ifluatex 2010/03/01 v1.3 Provides the ifluatex switch (HO)
Package ifluatex Info: LuaTeX not detected.
Package: ifvtex 2010/03/01 v1.5 Detect VTeX and its facilities (HO)
Package ifvtex Info: VTeX not detected.
Package: intcalc 2007/09/27 v1.1 Expandable calculations with integers (HO)
Package hobsub Info: Skipping package `ifpdf' (already loaded).
Package: etexcmds 2011/02/16 v1.5 Avoid name clashes with e-TeX commands (HO)
Package etexcmds Info: Could not find \expanded.
(etexcmds)             That can mean that you are not using pdfTeX 1.50 or
(etexcmds)             that some package has redefined \expanded.
(etexcmds)             In the latter case, load this package earlier.
Package: kvsetkeys 2012/04/25 v1.16 Key value parser (HO)
Package: kvdefinekeys 2011/04/07 v1.3 Define keys (HO)
Package: pdftexcmds 2011/11/29 v0.20 Utility functions of pdfTeX for LuaTeX (HO
)
Package pdftexcmds Info: LuaTeX not detected.
Package pdftexcmds Info: \pdf@primitive is available.
Package pdftexcmds Info: \pdf@ifprimitive is available.
Package pdftexcmds Info: \pdfdraftmode found.
Package: pdfescape 2011/11/25 v1.13 Implements pdfTeX's escape features (HO)
Package: bigintcalc 2012/04/08 v1.3 Expandable calculations on big integers (HO
)
Package: bitset 2011/01/30 v1.1 Handle bit-vector datatype (HO)
Package: uniquecounter 2011/01/30 v1.2 Provide unlimited unique counter (HO)
)
Package hobsub Info: Skipping package `hobsub' (already loaded).
Package: letltxmacro 2010/09/02 v1.4 Let assignment for LaTeX macros (HO)
Package: hopatch 2012/05/28 v1.2 Wrapper for package hooks (HO)
Package: xcolor-patch 2011/01/30 xcolor patch
Package: atveryend 2011/06/30 v1.8 Hooks at the very end of document (HO)
Package atveryend Info: \enddocument detected (standard20110627).
Package: atbegshi 2011/10/05 v1.16 At begin shipout hook (HO)
Package: refcount 2011/10/16 v3.4 Data extraction from label references (HO)
Package: hycolor 2011/01/30 v1.7 Color options for hyperref/bookmark (HO)
)
(/usr/local/texlive/2015/texmf-dist/tex/latex/graphics/keyval.sty
Package: keyval 2014/10/28 v1.15 key=value parser (DPC)
\KV@toks@=\toks37
)
(/usr/local/texlive/2015/texmf-dist/tex/generic/ifxetex/ifxetex.sty
Package: ifxetex 2010/09/12 v0.6 Provides ifxetex conditional
)
(/usr/local/texlive/2015/texmf-dist/tex/latex/oberdiek/auxhook.sty
Package: auxhook 2011/03/04 v1.3 Hooks for auxiliary files (HO)
)
(/usr/local/texlive/2015/texmf-dist/tex/latex/oberdiek/kvoptions.sty
Package: kvoptions 2011/06/30 v3.11 Key value format for package options (HO)
)
\@linkdim=\dimen118
\Hy@linkcounter=\count102
\Hy@pagecounter=\count103

(/usr/local/texlive/2015/texmf-dist/tex/latex/hyperref/pd1enc.def
File: pd1enc.def 2012/11/06 v6.83m Hyperref: PDFDocEncoding definition (HO)
)
\Hy@SavedSpaceFactor=\count104

(/usr/local/texlive/2015/texmf-dist/tex/latex/latexconfig/hyperref.cfg
File: hyperref.cfg 2002/06/06 v1.2 hyperref configuration of TeXLive
)
Package hyperref Info: Hyper figures OFF on input line 4443.
Package hyperref Info: Link nesting OFF on input line 4448.
Package hyperref Info: Hyper index ON on input line 4451.
Package hyperref Info: Plain pages OFF on input line 4458.
Package hyperref Info: Backreferencing OFF on input line 4463.
Package hyperref Info: Implicit mode ON; LaTeX internals redefined.
Package hyperref Info: Bookmarks ON on input line 4688.
\c@Hy@tempcnt=\count105

(/usr/local/texlive/2015/texmf-dist/tex/latex/url/url.sty
\Urlmuskip=\muskip11
Package: url 2013/09/16  ver 3.4  Verb mode for urls, etc.
)
LaTeX Info: Redefining \url on input line 5041.
\XeTeXLinkMargin=\dimen119
\Fld@menulength=\count106
\Field@Width=\dimen120
\Fld@charsize=\dimen121
Package hyperref Info: Hyper figures OFF on input line 6295.
Package hyperref Info: Link nesting OFF on input line 6300.
Package hyperref Info: Hyper index ON on input line 6303.
Package hyperref Info: backreferencing OFF on input line 6310.
Package hyperref Info: Link coloring OFF on input line 6315.
Package hyperref Info: Link coloring with OCG OFF on input line 6320.
Package hyperref Info: PDF/A mode OFF on input line 6325.
LaTeX Info: Redefining \ref on input line 6365.
LaTeX Info: Redefining \pageref on input line 6369.
\Hy@abspage=\count107
\c@Item=\count108
\c@Hfootnote=\count109
)

Package hyperref Message: Driver (autodetected): hpdftex.

(/usr/local/texlive/2015/texmf-dist/tex/latex/hyperref/hpdftex.def
File: hpdftex.def 2012/11/06 v6.83m Hyperref driver for pdfTeX
\Fld@listcount=\count110
\c@bookmark@seq@number=\count111

(/usr/local/texlive/2015/texmf-dist/tex/latex/oberdiek/rerunfilecheck.sty
Package: rerunfilecheck 2011/04/15 v1.7 Rerun checks for auxiliary files (HO)
Package uniquecounter Info: New unique counter `rerunfilecheck' on input line 2
82.
)
\Hy@SectionHShift=\skip58
)
Package hyperref Info: Option `colorlinks' set `false' on input line 1285.
Package hyperref Info: Option `frenchlinks' set `false' on input line 1285.
Package hyperref Info: Option `naturalnames' set `false' on input line 1285.
Package hyperref Info: Option `hypertexnames' set `false' on input line 1285.
Package hyperref Info: Option `breaklinks' set `true' on input line 1285.

(/usr/local/texlive/2015/texmf-dist/tex/latex/graphics/graphics.sty
Package: graphics 2014/10/28 v1.0p Standard LaTeX Graphics (DPC,SPQR)

(/usr/local/texlive/2015/texmf-dist/tex/latex/graphics/trig.sty
Package: trig 1999/03/16 v1.09 sin cos tan (DPC)
)
(/usr/local/texlive/2015/texmf-dist/tex/latex/latexconfig/graphics.cfg
File: graphics.cfg 2010/04/23 v1.9 graphics configuration of TeX Live
)
Package graphics Info: Driver file: pdftex.def on input line 94.

(/usr/local/texlive/2015/texmf-dist/tex/latex/pdftex-def/pdftex.def
File: pdftex.def 2011/05/27 v0.06d Graphics/color for pdfTeX
\Gread@gobject=\count112
))
(/usr/local/texlive/2015/texmf-dist/tex/latex/graphics/graphicx.sty
Package: graphicx 2014/10/28 v1.0g Enhanced LaTeX Graphics (DPC,SPQR)
\Gin@req@height=\dimen122
\Gin@req@width=\dimen123
)
(/usr/local/texlive/2015/texmf-dist/tex/latex/oberdiek/epstopdf.sty
Package: epstopdf 2010/02/09 v2.5 Conversion with epstopdf on the fly (HO)

(/usr/local/texlive/2015/texmf-dist/tex/latex/oberdiek/epstopdf-base.sty
Package: epstopdf-base 2010/02/09 v2.5 Base part for package epstopdf

(/usr/local/texlive/2015/texmf-dist/tex/latex/oberdiek/grfext.sty
Package: grfext 2010/08/19 v1.1 Manage graphics extensions (HO)
)
Package grfext Info: Graphics extension search list:
(grfext)             [.png,.pdf,.jpg,.mps,.jpeg,.jbig2,.jb2,.PNG,.PDF,.JPG,.JPE
G,.JBIG2,.JB2,.eps]
(grfext)             \AppendGraphicsExtensions on input line 452.

(/usr/local/texlive/2015/texmf-dist/tex/latex/latexconfig/epstopdf-sys.cfg
File: epstopdf-sys.cfg 2010/07/13 v1.3 Configuration of (r)epstopdf for TeX Liv
e
)))
(/usr/local/texlive/2015/texmf-dist/tex/latex/xcolor/xcolor.sty
Package: xcolor 2007/01/21 v2.11 LaTeX color extensions (UK)

(/usr/local/texlive/2015/texmf-dist/tex/latex/latexconfig/color.cfg
File: color.cfg 2007/01/18 v1.5 color configuration of teTeX/TeXLive
)
Package xcolor Info: Driver file: pdftex.def on input line 225.
Package xcolor Info: Model `cmy' substituted by `cmy0' on input line 1337.
Package xcolor Info: Model `hsb' substituted by `rgb' on input line 1341.
Package xcolor Info: Model `RGB' extended on input line 1353.
Package xcolor Info: Model `HTML' substituted by `rgb' on input line 1355.
Package xcolor Info: Model `Hsb' substituted by `hsb' on input line 1356.
Package xcolor Info: Model `tHsb' substituted by `hsb' on input line 1357.
Package xcolor Info: Model `HSB' substituted by `hsb' on input line 1358.
Package xcolor Info: Model `Gray' substituted by `gray' on input line 1359.
Package xcolor Info: Model `wave' substituted by `hsb' on input line 1360.
)
Package hyperref Info: Option `colorlinks' set `true' on input line 1321.

(/usr/local/texlive/2015/texmf-dist/tex/latex/oberdiek/hypcap.sty
Package: hypcap 2011/02/16 v1.11 Adjusting the anchors of captions (HO)
)
(/usr/local/texlive/2015/texmf-dist/tex/latex/algorithms/algorithm.sty
Package: algorithm 2009/08/24 v0.1 Document Style `algorithm' - floating enviro
nment

(/usr/local/texlive/2015/texmf-dist/tex/latex/float/float.sty
Package: float 2001/11/08 v1.3d Float enhancements (AL)
\c@float@type=\count113
\float@exts=\toks38
\float@box=\box28
\@float@everytoks=\toks39
\@floatcapt=\box29
)
\@float@every@algorithm=\toks40
\c@algorithm=\count114
)
(/usr/local/texlive/2015/texmf-dist/tex/latex/cleveref/cleveref.sty
Package: cleveref 2013/12/28 v0.19 Intelligent cross-referencing
Package cleveref Info: `hyperref' support loaded on input line 2230.
LaTeX Info: Redefining \cref on input line 2230.
LaTeX Info: Redefining \Cref on input line 2230.
LaTeX Info: Redefining \crefrange on input line 2230.
LaTeX Info: Redefining \Crefrange on input line 2230.
LaTeX Info: Redefining \cpageref on input line 2230.
LaTeX Info: Redefining \Cpageref on input line 2230.
LaTeX Info: Redefining \cpagerefrange on input line 2230.
LaTeX Info: Redefining \Cpagerefrange on input line 2230.
LaTeX Info: Redefining \labelcref on input line 2230.
LaTeX Info: Redefining \labelcpageref on input line 2230.
Package cleveref Info: `ntheorem' support loaded on input line 2887.
Package cleveref Info: always capitalise cross-reference names on input line 74
70.
Package cleveref Info: include cross-reference names in hyperlinks on input lin
e 7476.
Package cleveref Info: always capitalise cross-reference names on input line 74
93.
Package cleveref Info: include cross-reference names in hyperlinks on input lin
e 7493.
)
\c@currproofctr=\count115
\c@endproofctr=\count116
\c@proof=\count117
\c@currtheoremctr=\count118
\c@endtheoremctr=\count119
\c@theorem=\count120
\c@currlemmactr=\count121
\c@endlemmactr=\count122
\c@currcorollaryctr=\count123
\c@endcorollaryctr=\count124
\c@currpropositionctr=\count125
\c@endpropositionctr=\count126
\c@currdefinitionctr=\count127
\c@enddefinitionctr=\count128
)
(/usr/local/texlive/2015/texmf-dist/tex/latex/amsfonts/amssymb.sty
Package: amssymb 2013/01/14 v3.01 AMS font symbols

(/usr/local/texlive/2015/texmf-dist/tex/latex/amsfonts/amsfonts.sty
Package: amsfonts 2013/01/14 v3.01 Basic AMSFonts support
\symAMSa=\mathgroup4
\symAMSb=\mathgroup5
LaTeX Font Info:    Overwriting math alphabet `\mathfrak' in version `bold'
(Font)                  U/euf/m/n --> U/euf/b/n on input line 106.
))
(/usr/local/texlive/2015/texmf-dist/tex/latex/tools/enumerate.sty
Package: enumerate 2014/10/28 v3.00 enumerate extensions (DPC)
\@enLab=\toks41
)
(/usr/local/texlive/2015/texmf-dist/tex/latex/algorithmicx/algorithmicx.sty
Package: algorithmicx 2005/04/27 v1.2 Algorithmicx

Document Style algorithmicx 1.2 - a greatly improved `algorithmic' style
\c@ALG@line=\count129
\c@ALG@rem=\count130
\c@ALG@nested=\count131
\ALG@tlm=\skip59
\ALG@thistlm=\skip60
\c@ALG@Lnr=\count132
\c@ALG@blocknr=\count133
\c@ALG@storecount=\count134
\c@ALG@tmpcounter=\count135
\ALG@tmplength=\skip61
) (./algpseudocode.sty
Package: algpseudocode 

Document Style - pseudocode environments for use with the `algorithmicx' style
) (./interim_report_1.aux)
\openout1 = `interim_report_1.aux'.

LaTeX Font Info:    Checking defaults for OML/cmm/m/it on input line 54.
LaTeX Font Info:    ... okay on input line 54.
LaTeX Font Info:    Checking defaults for T1/cmr/m/n on input line 54.
LaTeX Font Info:    ... okay on input line 54.
LaTeX Font Info:    Checking defaults for OT1/cmr/m/n on input line 54.
LaTeX Font Info:    ... okay on input line 54.
LaTeX Font Info:    Checking defaults for OMS/cmsy/m/n on input line 54.
LaTeX Font Info:    ... okay on input line 54.
LaTeX Font Info:    Checking defaults for OMX/cmex/m/n on input line 54.
LaTeX Font Info:    ... okay on input line 54.
LaTeX Font Info:    Checking defaults for U/cmr/m/n on input line 54.
LaTeX Font Info:    ... okay on input line 54.
LaTeX Font Info:    Checking defaults for PD1/pdf/m/n on input line 54.
LaTeX Font Info:    ... okay on input line 54.
\AtBeginShipoutBox=\box30
Package hyperref Info: Link coloring ON on input line 54.

(/usr/local/texlive/2015/texmf-dist/tex/latex/hyperref/nameref.sty
Package: nameref 2012/10/27 v2.43 Cross-referencing by name of section

(/usr/local/texlive/2015/texmf-dist/tex/generic/oberdiek/gettitlestring.sty
Package: gettitlestring 2010/12/03 v1.4 Cleanup title references (HO)
)
\c@section@level=\count136
)
LaTeX Info: Redefining \ref on input line 54.
LaTeX Info: Redefining \pageref on input line 54.
LaTeX Info: Redefining \nameref on input line 54.

(./interim_report_1.out) (./interim_report_1.out)
\@outlinefile=\write3
\openout3 = `interim_report_1.out'.


(/usr/local/texlive/2015/texmf-dist/tex/context/base/supp-pdf.mkii
[Loading MPS to PDF converter (version 2006.09.02).]
\scratchcounter=\count137
\scratchdimen=\dimen124
\scratchbox=\box31
\nofMPsegments=\count138
\nofMParguments=\count139
\everyMPshowfont=\toks42
\MPscratchCnt=\count140
\MPscratchDim=\dimen125
\MPnumerator=\count141
\makeMPintoPDFobject=\count142
\everyMPtoPDFconversion=\toks43
)
LaTeX Font Info:    Try loading font information for U+msa on input line 63.
 (/usr/local/texlive/2015/texmf-dist/tex/latex/amsfonts/umsa.fd
File: umsa.fd 2013/01/14 v3.01 AMS symbols A
)
LaTeX Font Info:    Try loading font information for U+msb on input line 63.

(/usr/local/texlive/2015/texmf-dist/tex/latex/amsfonts/umsb.fd
File: umsb.fd 2013/01/14 v3.01 AMS symbols B
) [1

{/usr/local/texlive/2015/texmf-var/fonts/map/pdftex/updmap/pdftex.map}] [2] [3]
 [4]
Package hyperref Info: bookmark level for unknown algorithm defaults to 0 on in
put line 246.

<graphics/voting/mcmc_gamma/final_avg.png, id=116, 1606.0pt x 602.25pt>
File: graphics/voting/mcmc_gamma/final_avg.png Graphic file (type png)

<use graphics/voting/mcmc_gamma/final_avg.png>
Package pdftex.def Info: graphics/voting/mcmc_gamma/final_avg.png used on input
 line 325.
(pdftex.def)             Requested size: 201.19798pt x 75.44647pt.

<graphics/voting/mcmc_gamma/u_accept.png, id=118, 1606.0pt x 602.25pt>
File: graphics/voting/mcmc_gamma/u_accept.png Graphic file (type png)

<use graphics/voting/mcmc_gamma/u_accept.png>
Package pdftex.def Info: graphics/voting/mcmc_gamma/u_accept.png used on input 
line 329.
(pdftex.def)             Requested size: 201.19798pt x 75.44647pt.
 [5]
<graphics/voting/mcmc_gamma/senator_avgs.png, id=126, 1606.0pt x 602.25pt>
File: graphics/voting/mcmc_gamma/senator_avgs.png Graphic file (type png)

<use graphics/voting/mcmc_gamma/senator_avgs.png>
Package pdftex.def Info: graphics/voting/mcmc_gamma/senator_avgs.png used on in
put line 336.
(pdftex.def)             Requested size: 419.16621pt x 157.1878pt.

<graphics/voting/centered/final_avg.png, id=134, 803.0pt x 301.125pt>
File: graphics/voting/centered/final_avg.png Graphic file (type png)

<use graphics/voting/centered/final_avg.png>
Package pdftex.def Info: graphics/voting/centered/final_avg.png used on input l
ine 343.
(pdftex.def)             Requested size: 201.19798pt x 75.44647pt.

<graphics/voting/centered/acceptance_u_probability.png, id=136, 803.0pt x 301.1
25pt>
File: graphics/voting/centered/acceptance_u_probability.png Graphic file (type 
png)
 <use graphics/voting/centered/acceptance_u_probability.png>
Package pdftex.def Info: graphics/voting/centered/acceptance_u_probability.png 
used on input line 347.
(pdftex.def)             Requested size: 201.19798pt x 75.44647pt.

<graphics/voting/centered/trace_tau.png, id=138, 803.0pt x 301.125pt>
File: graphics/voting/centered/trace_tau.png Graphic file (type png)

<use graphics/voting/centered/trace_tau.png>
Package pdftex.def Info: graphics/voting/centered/trace_tau.png used on input l
ine 354.
(pdftex.def)             Requested size: 201.19798pt x 75.44647pt.

<graphics/voting/centered/trace_alpha.png, id=140, 803.0pt x 301.125pt>
File: graphics/voting/centered/trace_alpha.png Graphic file (type png)

<use graphics/voting/centered/trace_alpha.png>
Package pdftex.def Info: graphics/voting/centered/trace_alpha.png used on input
 line 358.
(pdftex.def)             Requested size: 201.19798pt x 75.44647pt.

<graphics/voting/noncentered/final_avg.png, id=148, 803.0pt x 301.125pt>
File: graphics/voting/noncentered/final_avg.png Graphic file (type png)

<use graphics/voting/noncentered/final_avg.png>
Package pdftex.def Info: graphics/voting/noncentered/final_avg.png used on inpu
t line 368.
(pdftex.def)             Requested size: 201.19798pt x 75.44647pt.

<graphics/voting/noncentered/acceptance_xi_probability.png, id=150, 803.0pt x 3
01.125pt>
File: graphics/voting/noncentered/acceptance_xi_probability.png Graphic file (t
ype png)
 <use graphics/voting/noncentered/acceptance_xi_probability.png>
Package pdftex.def Info: graphics/voting/noncentered/acceptance_xi_probability.
png used on input line 372.
(pdftex.def)             Requested size: 201.19798pt x 75.44647pt.

<graphics/voting/noncentered/trace_tau.png, id=152, 803.0pt x 301.125pt>
File: graphics/voting/noncentered/trace_tau.png Graphic file (type png)

<use graphics/voting/noncentered/trace_tau.png>
Package pdftex.def Info: graphics/voting/noncentered/trace_tau.png used on inpu
t line 379.
(pdftex.def)             Requested size: 201.19798pt x 75.44647pt.

<graphics/voting/noncentered/trace_alpha.png, id=154, 803.0pt x 301.125pt>
File: graphics/voting/noncentered/trace_alpha.png Graphic file (type png)

<use graphics/voting/noncentered/trace_alpha.png>
Package pdftex.def Info: graphics/voting/noncentered/trace_alpha.png used on in
put line 383.
(pdftex.def)             Requested size: 201.19798pt x 75.44647pt.
 [6 <./graphics/voting/mcmc_gamma/final_avg.png (PNG copy)> <./graphics/voting/
mcmc_gamma/u_accept.png (PNG copy)>] [7 <./graphics/voting/mcmc_gamma/senator_a
vgs.png (PNG copy)> <./graphics/voting/centered/final_avg.png (PNG copy)> <./gr
aphics/voting/centered/acceptance_u_probability.png (PNG copy)> <./graphics/vot
ing/centered/trace_tau.png (PNG copy)> <./graphics/voting/centered/trace_alpha.
png (PNG copy)> <./graphics/voting/noncentered/final_avg.png (PNG copy)> <./gra
phics/voting/noncentered/acceptance_xi_probability.png (PNG copy)> <./graphics/
voting/noncentered/trace_tau.png (PNG copy)> <./graphics/voting/noncentered/tra
ce_alpha.png (PNG copy)>]
<graphics/moon_laplacian_un.png, id=193, 559.08875pt x 400.99812pt>
File: graphics/moon_laplacian_un.png Graphic file (type png)

<use graphics/moon_laplacian_un.png>
Package pdftex.def Info: graphics/moon_laplacian_un.png used on input line 395.

(pdftex.def)             Requested size: 201.19798pt x 144.30414pt.

<graphics/moon_laplacian_selftuning.png, id=195, 558.085pt x 403.00563pt>
File: graphics/moon_laplacian_selftuning.png Graphic file (type png)

<use graphics/moon_laplacian_selftuning.png>
Package pdftex.def Info: graphics/moon_laplacian_selftuning.png used on input l
ine 400.
(pdftex.def)             Requested size: 201.19798pt x 145.28484pt.

<graphics/moons/mcmc_gamma/u_avg.png, id=198, 1606.0pt x 602.25pt>
File: graphics/moons/mcmc_gamma/u_avg.png Graphic file (type png)

<use graphics/moons/mcmc_gamma/u_avg.png>
Package pdftex.def Info: graphics/moons/mcmc_gamma/u_avg.png used on input line
 409.
(pdftex.def)             Requested size: 201.19798pt x 75.44647pt.

<graphics/moons/mcmc_gamma/u_accept.png, id=201, 1606.0pt x 602.25pt>
File: graphics/moons/mcmc_gamma/u_accept.png Graphic file (type png)

<use graphics/moons/mcmc_gamma/u_accept.png>
Package pdftex.def Info: graphics/moons/mcmc_gamma/u_accept.png used on input l
ine 414.
(pdftex.def)             Requested size: 201.19798pt x 75.44647pt.

<graphics/moons/centered/final_avg.png, id=215, 803.0pt x 301.125pt>
File: graphics/moons/centered/final_avg.png Graphic file (type png)

<use graphics/moons/centered/final_avg.png>
Package pdftex.def Info: graphics/moons/centered/final_avg.png used on input li
ne 424.
(pdftex.def)             Requested size: 201.19798pt x 75.44647pt.

<graphics/moons/centered/acceptance_u_probability.png, id=218, 803.0pt x 301.12
5pt>
File: graphics/moons/centered/acceptance_u_probability.png Graphic file (type p
ng)
 <use graphics/moons/centered/acceptance_u_probability.png>
Package pdftex.def Info: graphics/moons/centered/acceptance_u_probability.png u
sed on input line 429.
(pdftex.def)             Requested size: 201.19798pt x 75.44647pt.

<graphics/moons/centered/trace_tau.png, id=220, 803.0pt x 301.125pt>
File: graphics/moons/centered/trace_tau.png Graphic file (type png)

<use graphics/moons/centered/trace_tau.png>
Package pdftex.def Info: graphics/moons/centered/trace_tau.png used on input li
ne 437.
(pdftex.def)             Requested size: 201.19798pt x 75.44647pt.

<graphics/moons/centered/trace_alpha.png, id=222, 803.0pt x 301.125pt>
File: graphics/moons/centered/trace_alpha.png Graphic file (type png)

<use graphics/moons/centered/trace_alpha.png>
Package pdftex.def Info: graphics/moons/centered/trace_alpha.png used on input 
line 442.
(pdftex.def)             Requested size: 201.19798pt x 75.44647pt.

<graphics/moons/noncentered/final_avg.png, id=224, 803.0pt x 301.125pt>
File: graphics/moons/noncentered/final_avg.png Graphic file (type png)

<use graphics/moons/noncentered/final_avg.png>
Package pdftex.def Info: graphics/moons/noncentered/final_avg.png used on input
 line 450.
(pdftex.def)             Requested size: 201.19798pt x 75.44647pt.

<graphics/moons/noncentered/acceptance_xi_probability.png, id=227, 803.0pt x 30
1.125pt>
File: graphics/moons/noncentered/acceptance_xi_probability.png Graphic file (ty
pe png)
 <use graphics/moons/noncentered/acceptance_xi_probability.png>
Package pdftex.def Info: graphics/moons/noncentered/acceptance_xi_probability.p
ng used on input line 455.
(pdftex.def)             Requested size: 201.19798pt x 75.44647pt.

<graphics/moons/noncentered/trace_tau.png, id=229, 803.0pt x 301.125pt>
File: graphics/moons/noncentered/trace_tau.png Graphic file (type png)

<use graphics/moons/noncentered/trace_tau.png>
Package pdftex.def Info: graphics/moons/noncentered/trace_tau.png used on input
 line 463.
(pdftex.def)             Requested size: 201.19798pt x 75.44647pt.

<graphics/moons/noncentered/trace_alpha.png, id=231, 803.0pt x 301.125pt>
File: graphics/moons/noncentered/trace_alpha.png Graphic file (type png)

<use graphics/moons/noncentered/trace_alpha.png>
Package pdftex.def Info: graphics/moons/noncentered/trace_alpha.png used on inp
ut line 468.
(pdftex.def)             Requested size: 201.19798pt x 75.44647pt.
 [8 <./graphics/moon_laplacian_un.png> <./graphics/moon_laplacian_selftuning.pn
g> <./graphics/moons/mcmc_gamma/u_avg.png (PNG copy)> <./graphics/moons/mcmc_ga
mma/u_accept.png (PNG copy)> <./graphics/moons/centered/final_avg.png (PNG copy
)> <./graphics/moons/centered/acceptance_u_probability.png (PNG copy)>]

LaTeX Warning: Reference `fig:moon_noncentered_trace_alpha' on page 1 undefined
 on input line 479.

[9 <./graphics/moons/centered/trace_tau.png (PNG copy)> <./graphics/moons/cente
red/trace_alpha.png (PNG copy)> <./graphics/moons/noncentered/final_avg.png (PN
G copy)> <./graphics/moons/noncentered/acceptance_xi_probability.png (PNG copy)
> <./graphics/moons/noncentered/trace_tau.png (PNG copy)> <./graphics/moons/non
centered/trace_alpha.png (PNG copy)>] (./interim_report_1.bbl)
\tf@thm=\write4
\openout4 = `interim_report_1.thm'.

Package atveryend Info: Empty hook `BeforeClearDocument' on input line 486.
 [10]
Package atveryend Info: Empty hook `AfterLastShipout' on input line 486.

(./interim_report_1.aux)
Package atveryend Info: Executing hook `AtVeryEndDocument' on input line 486.
Package atveryend Info: Executing hook `AtEndAfterFileList' on input line 486.
Package rerunfilecheck Info: File `interim_report_1.out' has not changed.
(rerunfilecheck)             Checksum: AD950CE3ADE5E30DF383733F15725633;495.


LaTeX Warning: There were undefined references.

Package atveryend Info: Empty hook `AtVeryVeryEnd' on input line 486.
 ) 
Here is how much of TeX's memory you used:
 9311 strings out of 493089
 147112 string characters out of 6134842
 263692 words of memory out of 5000000
 12599 multiletter control sequences out of 15000+600000
 11251 words of font info for 43 fonts, out of 8000000 for 9000
 1141 hyphenation exceptions out of 8191
 37i,9n,39p,1157b,417s stack positions out of 5000i,500n,10000p,200000b,80000s
</usr/local/texlive/2015/texmf-dist/fonts/type1/public/amsfonts/cm/cmbx10.pfb
></usr/local/texlive/2015/texmf-dist/fonts/type1/public/amsfonts/cm/cmcsc10.pfb
></usr/local/texlive/2015/texmf-dist/fonts/type1/public/amsfonts/cm/cmex10.pfb>
</usr/local/texlive/2015/texmf-dist/fonts/type1/public/amsfonts/cm/cmmi10.pfb><
/usr/local/texlive/2015/texmf-dist/fonts/type1/public/amsfonts/cm/cmmi5.pfb></u
sr/local/texlive/2015/texmf-dist/fonts/type1/public/amsfonts/cm/cmmi7.pfb></usr
/local/texlive/2015/texmf-dist/fonts/type1/public/amsfonts/cm/cmmi8.pfb></usr/l
ocal/texlive/2015/texmf-dist/fonts/type1/public/amsfonts/cm/cmr10.pfb></usr/loc
al/texlive/2015/texmf-dist/fonts/type1/public/amsfonts/cm/cmr5.pfb></usr/local/
texlive/2015/texmf-dist/fonts/type1/public/amsfonts/cm/cmr7.pfb></usr/local/tex
live/2015/texmf-dist/fonts/type1/public/amsfonts/cm/cmr8.pfb></usr/local/texliv
e/2015/texmf-dist/fonts/type1/public/amsfonts/cm/cmss10.pfb></usr/local/texlive
/2015/texmf-dist/fonts/type1/public/amsfonts/cm/cmsy10.pfb></usr/local/texlive/
2015/texmf-dist/fonts/type1/public/amsfonts/cm/cmsy5.pfb></usr/local/texlive/20
15/texmf-dist/fonts/type1/public/amsfonts/cm/cmsy7.pfb></usr/local/texlive/2015
/texmf-dist/fonts/type1/public/amsfonts/cm/cmti10.pfb></usr/local/texlive/2015/
texmf-dist/fonts/type1/public/amsfonts/cm/cmti8.pfb></usr/local/texlive/2015/te
xmf-dist/fonts/type1/public/amsfonts/symbols/msbm10.pfb>
Output written on interim_report_1.pdf (10 pages, 1076707 bytes).
PDF statistics:
 352 PDF objects out of 1000 (max. 8388607)
 290 compressed objects within 3 object streams
 85 named destinations out of 1000 (max. 500000)
 196 words of extra memory for PDF output out of 10000 (max. 10000000)

